2020-08-12 15:39:35,195 - Epoch: 1000	MRR: 0.387	Hits@10: 0.653	Hits@5: 0.570	Hits@1: 0.221
2020-08-12 16:01:35,086 - Epoch: 2000	MRR: 0.406	Hits@10: 0.656	Hits@5: 0.598	Hits@1: 0.233
2020-08-12 16:15:53,158 - Epoch: 3000	MRR: 0.414	Hits@10: 0.656	Hits@5: 0.596	Hits@1: 0.240
2020-08-12 16:26:53,538 - Epoch: 4000	MRR: 0.433	Hits@10: 0.658	Hits@5: 0.584	Hits@1: 0.280
2020-08-12 16:37:44,286 - Epoch: 5000	MRR: 0.417	Hits@10: 0.663	Hits@5: 0.601	Hits@1: 0.248
2020-08-12 16:48:45,425 - Epoch: 6000	MRR: 0.435	Hits@10: 0.670	Hits@5: 0.612	Hits@1: 0.271
2020-08-12 16:59:48,819 - Epoch: 7000	MRR: 0.427	Hits@10: 0.666	Hits@5: 0.595	Hits@1: 0.268
2020-08-12 17:10:47,573 - Epoch: 8000	MRR: 0.427	Hits@10: 0.659	Hits@5: 0.602	Hits@1: 0.265
2020-08-12 17:21:55,450 - Epoch: 9000	MRR: 0.427	Hits@10: 0.666	Hits@5: 0.599	Hits@1: 0.261
2020-08-12 17:33:03,643 - Epoch: 10000	MRR: 0.445	Hits@10: 0.676	Hits@5: 0.616	Hits@1: 0.287
2020-08-12 17:44:06,565 - Epoch: 11000	MRR: 0.442	Hits@10: 0.676	Hits@5: 0.606	Hits@1: 0.287
2020-08-12 17:55:04,538 - Epoch: 12000	MRR: 0.453	Hits@10: 0.676	Hits@5: 0.613	Hits@1: 0.298
2020-08-12 18:06:01,764 - Epoch: 13000	MRR: 0.452	Hits@10: 0.666	Hits@5: 0.616	Hits@1: 0.298
2020-08-12 18:16:53,364 - Epoch: 14000	MRR: 0.454	Hits@10: 0.681	Hits@5: 0.608	Hits@1: 0.300
2020-08-12 18:27:55,498 - Epoch: 15000	MRR: 0.444	Hits@10: 0.678	Hits@5: 0.599	Hits@1: 0.286
2020-08-12 18:38:46,079 - Epoch: 16000	MRR: 0.458	Hits@10: 0.687	Hits@5: 0.619	Hits@1: 0.302
2020-08-12 18:49:53,133 - Epoch: 17000	MRR: 0.439	Hits@10: 0.685	Hits@5: 0.622	Hits@1: 0.269
2020-08-12 19:00:44,989 - Epoch: 18000	MRR: 0.455	Hits@10: 0.678	Hits@5: 0.607	Hits@1: 0.300
2020-08-12 19:11:44,237 - Epoch: 19000	MRR: 0.449	Hits@10: 0.688	Hits@5: 0.629	Hits@1: 0.285
2020-08-12 19:22:55,614 - Epoch: 20000	MRR: 0.449	Hits@10: 0.692	Hits@5: 0.619	Hits@1: 0.288
2020-08-12 19:34:00,866 - Epoch: 21000	MRR: 0.449	Hits@10: 0.690	Hits@5: 0.625	Hits@1: 0.290
2020-08-12 19:45:03,579 - Epoch: 22000	MRR: 0.449	Hits@10: 0.687	Hits@5: 0.625	Hits@1: 0.289
2020-08-12 19:55:58,370 - Epoch: 23000	MRR: 0.447	Hits@10: 0.683	Hits@5: 0.608	Hits@1: 0.290
2020-08-12 20:07:03,978 - Epoch: 24000	MRR: 0.460	Hits@10: 0.694	Hits@5: 0.632	Hits@1: 0.303
2020-08-12 20:18:01,989 - Epoch: 25000	MRR: 0.451	Hits@10: 0.705	Hits@5: 0.632	Hits@1: 0.289
2020-08-12 20:29:03,317 - Epoch: 26000	MRR: 0.441	Hits@10: 0.700	Hits@5: 0.624	Hits@1: 0.269
2020-08-12 20:39:47,584 - Epoch: 27000	MRR: 0.437	Hits@10: 0.687	Hits@5: 0.628	Hits@1: 0.267
2020-08-12 20:50:37,574 - Epoch: 28000	MRR: 0.436	Hits@10: 0.684	Hits@5: 0.623	Hits@1: 0.267
2020-08-12 21:01:37,762 - Epoch: 29000	MRR: 0.461	Hits@10: 0.695	Hits@5: 0.633	Hits@1: 0.298
2020-08-12 21:12:34,682 - Epoch: 30000	MRR: 0.465	Hits@10: 0.691	Hits@5: 0.621	Hits@1: 0.309
2020-08-12 21:23:24,940 - Epoch: 31000	MRR: 0.463	Hits@10: 0.697	Hits@5: 0.641	Hits@1: 0.305
2020-08-12 21:34:27,223 - Epoch: 32000	MRR: 0.463	Hits@10: 0.701	Hits@5: 0.640	Hits@1: 0.304
2020-08-12 21:45:15,768 - Epoch: 33000	MRR: 0.455	Hits@10: 0.712	Hits@5: 0.635	Hits@1: 0.290
2020-08-12 21:56:22,129 - Epoch: 34000	MRR: 0.460	Hits@10: 0.709	Hits@5: 0.634	Hits@1: 0.302
2020-08-12 22:07:18,119 - Epoch: 35000	MRR: 0.469	Hits@10: 0.715	Hits@5: 0.638	Hits@1: 0.313
2020-08-12 22:18:14,814 - Epoch: 36000	MRR: 0.474	Hits@10: 0.716	Hits@5: 0.641	Hits@1: 0.319
2020-08-12 22:29:05,495 - Epoch: 37000	MRR: 0.462	Hits@10: 0.698	Hits@5: 0.633	Hits@1: 0.304
2020-08-12 22:40:00,422 - Epoch: 38000	MRR: 0.460	Hits@10: 0.712	Hits@5: 0.638	Hits@1: 0.302
2020-08-12 22:50:58,819 - Epoch: 39000	MRR: 0.462	Hits@10: 0.705	Hits@5: 0.637	Hits@1: 0.306
2020-08-12 23:01:58,157 - Epoch: 40000	MRR: 0.462	Hits@10: 0.706	Hits@5: 0.636	Hits@1: 0.302
2020-08-12 23:13:04,953 - Epoch: 41000	MRR: 0.462	Hits@10: 0.715	Hits@5: 0.649	Hits@1: 0.296
2020-08-12 23:23:53,520 - Epoch: 42000	MRR: 0.468	Hits@10: 0.701	Hits@5: 0.638	Hits@1: 0.308
2020-08-12 23:35:04,947 - Epoch: 43000	MRR: 0.465	Hits@10: 0.703	Hits@5: 0.630	Hits@1: 0.307
2020-08-12 23:46:07,346 - Epoch: 44000	MRR: 0.466	Hits@10: 0.702	Hits@5: 0.631	Hits@1: 0.310
2020-08-12 23:57:13,048 - Epoch: 45000	MRR: 0.465	Hits@10: 0.710	Hits@5: 0.638	Hits@1: 0.304
2020-08-13 00:08:10,639 - Epoch: 46000	MRR: 0.459	Hits@10: 0.706	Hits@5: 0.624	Hits@1: 0.303
2020-08-13 00:19:17,946 - Epoch: 47000	MRR: 0.467	Hits@10: 0.706	Hits@5: 0.623	Hits@1: 0.315
2020-08-13 00:30:08,474 - Epoch: 48000	MRR: 0.466	Hits@10: 0.721	Hits@5: 0.633	Hits@1: 0.307
2020-08-13 00:41:04,608 - Epoch: 49000	MRR: 0.470	Hits@10: 0.712	Hits@5: 0.643	Hits@1: 0.314
2020-08-13 00:52:11,409 - Epoch: 50000	MRR: 0.460	Hits@10: 0.720	Hits@5: 0.630	Hits@1: 0.298
2020-08-13 01:03:01,925 - Epoch: 51000	MRR: 0.461	Hits@10: 0.708	Hits@5: 0.635	Hits@1: 0.302
2020-08-13 01:13:56,487 - Epoch: 52000	MRR: 0.467	Hits@10: 0.702	Hits@5: 0.638	Hits@1: 0.312
2020-08-13 01:24:55,285 - Epoch: 53000	MRR: 0.472	Hits@10: 0.707	Hits@5: 0.638	Hits@1: 0.315
2020-08-13 01:35:53,164 - Epoch: 54000	MRR: 0.468	Hits@10: 0.713	Hits@5: 0.645	Hits@1: 0.306
2020-08-13 01:46:52,368 - Epoch: 55000	MRR: 0.471	Hits@10: 0.704	Hits@5: 0.640	Hits@1: 0.312
2020-08-13 01:57:51,237 - Epoch: 56000	MRR: 0.462	Hits@10: 0.709	Hits@5: 0.639	Hits@1: 0.305
2020-08-13 02:08:43,879 - Epoch: 57000	MRR: 0.473	Hits@10: 0.714	Hits@5: 0.643	Hits@1: 0.318
2020-08-13 02:19:34,922 - Epoch: 58000	MRR: 0.450	Hits@10: 0.706	Hits@5: 0.639	Hits@1: 0.284
2020-08-13 02:28:50,730 - Epoch: 59000	MRR: 0.474	Hits@10: 0.709	Hits@5: 0.646	Hits@1: 0.319
2020-08-13 02:37:09,802 - Epoch: 60000	MRR: 0.470	Hits@10: 0.703	Hits@5: 0.640	Hits@1: 0.309
2020-08-13 02:45:41,568 - Epoch: 61000	MRR: 0.469	Hits@10: 0.710	Hits@5: 0.637	Hits@1: 0.312
2020-08-13 02:53:58,128 - Epoch: 62000	MRR: 0.467	Hits@10: 0.707	Hits@5: 0.634	Hits@1: 0.305
2020-08-13 03:02:01,960 - Epoch: 63000	MRR: 0.471	Hits@10: 0.710	Hits@5: 0.640	Hits@1: 0.313
2020-08-13 03:10:36,711 - Epoch: 64000	MRR: 0.468	Hits@10: 0.716	Hits@5: 0.640	Hits@1: 0.303
2020-08-13 03:18:59,454 - Epoch: 65000	MRR: 0.474	Hits@10: 0.712	Hits@5: 0.648	Hits@1: 0.316
2020-08-13 03:27:15,770 - Epoch: 66000	MRR: 0.460	Hits@10: 0.710	Hits@5: 0.640	Hits@1: 0.293
2020-08-13 03:35:36,218 - Epoch: 67000	MRR: 0.464	Hits@10: 0.712	Hits@5: 0.652	Hits@1: 0.301
2020-08-13 03:44:01,069 - Epoch: 68000	MRR: 0.477	Hits@10: 0.714	Hits@5: 0.640	Hits@1: 0.322
2020-08-13 03:52:28,511 - Epoch: 69000	MRR: 0.481	Hits@10: 0.713	Hits@5: 0.639	Hits@1: 0.329
2020-08-13 04:00:53,597 - Epoch: 70000	MRR: 0.473	Hits@10: 0.719	Hits@5: 0.636	Hits@1: 0.312
2020-08-13 04:09:28,638 - Epoch: 71000	MRR: 0.478	Hits@10: 0.704	Hits@5: 0.634	Hits@1: 0.327
2020-08-13 04:17:51,019 - Epoch: 72000	MRR: 0.479	Hits@10: 0.708	Hits@5: 0.637	Hits@1: 0.330
2020-08-13 04:26:09,378 - Epoch: 73000	MRR: 0.467	Hits@10: 0.708	Hits@5: 0.638	Hits@1: 0.311
2020-08-13 04:33:36,056 - Epoch: 74000	MRR: 0.469	Hits@10: 0.706	Hits@5: 0.635	Hits@1: 0.313
2020-08-13 04:40:49,544 - Epoch: 75000	MRR: 0.468	Hits@10: 0.708	Hits@5: 0.641	Hits@1: 0.310
2020-08-13 04:48:05,420 - Epoch: 76000	MRR: 0.474	Hits@10: 0.713	Hits@5: 0.639	Hits@1: 0.318
2020-08-13 04:55:19,272 - Epoch: 77000	MRR: 0.475	Hits@10: 0.709	Hits@5: 0.637	Hits@1: 0.322
2020-08-13 05:02:25,195 - Epoch: 78000	MRR: 0.462	Hits@10: 0.710	Hits@5: 0.636	Hits@1: 0.301
2020-08-13 05:09:34,478 - Epoch: 79000	MRR: 0.471	Hits@10: 0.715	Hits@5: 0.640	Hits@1: 0.314
2020-08-13 05:16:49,514 - Epoch: 80000	MRR: 0.467	Hits@10: 0.712	Hits@5: 0.636	Hits@1: 0.313
2020-08-13 05:24:06,532 - Epoch: 81000	MRR: 0.470	Hits@10: 0.711	Hits@5: 0.640	Hits@1: 0.318
2020-08-13 05:31:16,694 - Epoch: 82000	MRR: 0.475	Hits@10: 0.713	Hits@5: 0.631	Hits@1: 0.324
2020-08-13 05:38:22,409 - Epoch: 83000	MRR: 0.473	Hits@10: 0.707	Hits@5: 0.631	Hits@1: 0.321
2020-08-13 05:45:43,334 - Epoch: 84000	MRR: 0.477	Hits@10: 0.716	Hits@5: 0.642	Hits@1: 0.323
2020-08-13 05:53:01,314 - Epoch: 85000	MRR: 0.473	Hits@10: 0.716	Hits@5: 0.631	Hits@1: 0.317
2020-08-13 06:00:15,876 - Epoch: 86000	MRR: 0.469	Hits@10: 0.713	Hits@5: 0.634	Hits@1: 0.310
2020-08-13 06:07:29,846 - Epoch: 87000	MRR: 0.465	Hits@10: 0.707	Hits@5: 0.627	Hits@1: 0.307
2020-08-13 06:14:33,102 - Epoch: 88000	MRR: 0.475	Hits@10: 0.709	Hits@5: 0.631	Hits@1: 0.320
2020-08-13 06:21:54,031 - Epoch: 89000	MRR: 0.472	Hits@10: 0.715	Hits@5: 0.646	Hits@1: 0.315
2020-08-13 06:29:13,514 - Epoch: 90000	MRR: 0.477	Hits@10: 0.719	Hits@5: 0.638	Hits@1: 0.320
2020-08-13 06:36:37,046 - Epoch: 91000	MRR: 0.473	Hits@10: 0.723	Hits@5: 0.642	Hits@1: 0.311
2020-08-13 06:43:55,729 - Epoch: 92000	MRR: 0.474	Hits@10: 0.709	Hits@5: 0.638	Hits@1: 0.317
2020-08-13 06:50:18,251 - Epoch: 93000	MRR: 0.475	Hits@10: 0.717	Hits@5: 0.638	Hits@1: 0.319
2020-08-13 06:56:07,810 - Epoch: 94000	MRR: 0.477	Hits@10: 0.702	Hits@5: 0.623	Hits@1: 0.326
2020-08-13 07:01:54,807 - Epoch: 95000	MRR: 0.483	Hits@10: 0.710	Hits@5: 0.633	Hits@1: 0.335
2020-08-13 07:07:45,403 - Epoch: 96000	MRR: 0.480	Hits@10: 0.714	Hits@5: 0.647	Hits@1: 0.326
2020-08-13 07:13:35,224 - Epoch: 97000	MRR: 0.484	Hits@10: 0.718	Hits@5: 0.639	Hits@1: 0.334
2020-08-13 07:13:35,925 - Reload state_dict from state/hw_pretrainTransE_Hits@5_2_0811/state_dict
2020-08-13 07:13:36,926 - Epoch: None	MRR: 0.480	Hits@10: 0.884	Hits@5: 0.825	Hits@1: 0.186
2020-09-15 15:41:10,876 - Reload state_dict from state/hw_pretrainTransE_Hits@5_2_0811/state_dict
2020-09-15 15:41:12,764 - Eval state/hw_pretrainTransE_Hits@5_2_0811/state_dict on test set
2020-09-15 15:41:12,764 - MRR: 0.480	Hits@10: 0.884	Hits@5: 0.825	Hits@1: 0.186
2020-09-15 15:47:11,328 - Reload state_dict from state/hw_pretrainTransE_Hits@5_2_0811/state_dict
2020-09-15 15:47:12,223 - Eval state/hw_pretrainTransE_Hits@5_2_0811/state_dict on test set
2020-09-15 15:47:12,223 - MRR: 0.480	Hits@10: 0.884	Hits@5: 0.825	Hits@1: 0.186
2020-09-23 10:22:18,357 - Reload state_dict from state/hw_pretrainTransE_Hits@5_2_0811/state_dict
2020-09-23 10:22:22,257 - Eval state/hw_pretrainTransE_Hits@5_2_0811/state_dict on test set
2020-09-23 10:22:22,257 - MRR: 0.480	Hits@10: 0.884	Hits@5: 0.825	Hits@1: 0.186
