2020-11-19 09:54:47,845 - Epoch: 1000	MRR: 0.035	Hits@10: 0.073	Hits@5: 0.051	Hits@1: 0.005
2020-11-19 10:06:11,844 - Epoch: 2000	MRR: 0.052	Hits@10: 0.091	Hits@5: 0.062	Hits@1: 0.026
2020-11-19 10:17:38,704 - Epoch: 3000	MRR: 0.068	Hits@10: 0.113	Hits@5: 0.078	Hits@1: 0.042
2020-11-19 10:29:26,585 - Epoch: 4000	MRR: 0.065	Hits@10: 0.122	Hits@5: 0.085	Hits@1: 0.033
2020-11-19 10:41:17,181 - Epoch: 5000	MRR: 0.072	Hits@10: 0.128	Hits@5: 0.095	Hits@1: 0.036
2020-11-19 10:53:11,090 - Epoch: 6000	MRR: 0.081	Hits@10: 0.141	Hits@5: 0.095	Hits@1: 0.049
2020-11-19 11:04:45,040 - Epoch: 7000	MRR: 0.084	Hits@10: 0.145	Hits@5: 0.104	Hits@1: 0.051
2020-11-19 11:16:36,174 - Epoch: 8000	MRR: 0.085	Hits@10: 0.142	Hits@5: 0.101	Hits@1: 0.053
2020-11-19 11:28:01,761 - Epoch: 9000	MRR: 0.086	Hits@10: 0.147	Hits@5: 0.112	Hits@1: 0.051
2020-11-19 11:39:27,054 - Epoch: 10000	MRR: 0.078	Hits@10: 0.137	Hits@5: 0.101	Hits@1: 0.042
2020-11-19 11:50:54,081 - Epoch: 11000	MRR: 0.084	Hits@10: 0.144	Hits@5: 0.110	Hits@1: 0.049
2020-11-19 12:02:20,876 - Epoch: 12000	MRR: 0.086	Hits@10: 0.149	Hits@5: 0.110	Hits@1: 0.049
2020-11-19 12:13:46,384 - Epoch: 13000	MRR: 0.085	Hits@10: 0.155	Hits@5: 0.114	Hits@1: 0.048
2020-11-19 12:25:07,600 - Epoch: 14000	MRR: 0.082	Hits@10: 0.140	Hits@5: 0.103	Hits@1: 0.048
2020-11-19 12:36:29,757 - Epoch: 15000	MRR: 0.089	Hits@10: 0.148	Hits@5: 0.114	Hits@1: 0.052
2020-11-19 12:47:54,763 - Epoch: 16000	MRR: 0.090	Hits@10: 0.143	Hits@5: 0.110	Hits@1: 0.056
2020-11-19 12:59:21,886 - Epoch: 17000	MRR: 0.091	Hits@10: 0.149	Hits@5: 0.120	Hits@1: 0.052
2020-11-19 13:10:43,587 - Epoch: 18000	MRR: 0.091	Hits@10: 0.155	Hits@5: 0.117	Hits@1: 0.054
2020-11-19 13:22:09,247 - Epoch: 19000	MRR: 0.086	Hits@10: 0.144	Hits@5: 0.118	Hits@1: 0.047
2020-11-19 13:33:34,464 - Epoch: 20000	MRR: 0.088	Hits@10: 0.143	Hits@5: 0.117	Hits@1: 0.051
2020-11-19 13:44:58,832 - Epoch: 21000	MRR: 0.088	Hits@10: 0.144	Hits@5: 0.119	Hits@1: 0.050
2020-11-19 13:56:28,233 - Epoch: 22000	MRR: 0.090	Hits@10: 0.155	Hits@5: 0.122	Hits@1: 0.053
2020-11-19 14:07:54,357 - Epoch: 23000	MRR: 0.089	Hits@10: 0.151	Hits@5: 0.119	Hits@1: 0.053
2020-11-19 14:19:19,592 - Epoch: 24000	MRR: 0.089	Hits@10: 0.156	Hits@5: 0.120	Hits@1: 0.050
2020-11-19 14:30:44,750 - Epoch: 25000	MRR: 0.090	Hits@10: 0.149	Hits@5: 0.119	Hits@1: 0.052
2020-11-19 14:42:07,401 - Epoch: 26000	MRR: 0.094	Hits@10: 0.155	Hits@5: 0.123	Hits@1: 0.057
2020-11-19 14:53:35,466 - Epoch: 27000	MRR: 0.091	Hits@10: 0.153	Hits@5: 0.120	Hits@1: 0.052
2020-11-19 15:04:34,920 - Epoch: 28000	MRR: 0.091	Hits@10: 0.148	Hits@5: 0.116	Hits@1: 0.056
2020-11-19 15:15:58,077 - Epoch: 29000	MRR: 0.085	Hits@10: 0.142	Hits@5: 0.115	Hits@1: 0.047
2020-11-19 15:27:21,152 - Epoch: 30000	MRR: 0.096	Hits@10: 0.151	Hits@5: 0.122	Hits@1: 0.059
2020-11-19 15:38:51,438 - Epoch: 31000	MRR: 0.088	Hits@10: 0.150	Hits@5: 0.118	Hits@1: 0.050
2020-11-19 15:50:21,230 - Epoch: 32000	MRR: 0.090	Hits@10: 0.153	Hits@5: 0.118	Hits@1: 0.050
2020-11-19 16:01:48,392 - Epoch: 33000	MRR: 0.092	Hits@10: 0.149	Hits@5: 0.122	Hits@1: 0.051
2020-11-19 16:13:17,251 - Epoch: 34000	MRR: 0.090	Hits@10: 0.157	Hits@5: 0.119	Hits@1: 0.050
2020-11-19 16:24:48,262 - Epoch: 35000	MRR: 0.088	Hits@10: 0.152	Hits@5: 0.121	Hits@1: 0.050
2020-11-19 16:36:17,963 - Epoch: 36000	MRR: 0.092	Hits@10: 0.159	Hits@5: 0.124	Hits@1: 0.051
2020-11-19 16:47:45,332 - Epoch: 37000	MRR: 0.090	Hits@10: 0.146	Hits@5: 0.121	Hits@1: 0.052
2020-11-19 16:59:16,160 - Epoch: 38000	MRR: 0.093	Hits@10: 0.154	Hits@5: 0.130	Hits@1: 0.052
2020-11-19 17:10:49,512 - Epoch: 39000	MRR: 0.092	Hits@10: 0.148	Hits@5: 0.124	Hits@1: 0.053
2020-11-19 17:22:15,181 - Epoch: 40000	MRR: 0.091	Hits@10: 0.146	Hits@5: 0.122	Hits@1: 0.052
2020-11-19 17:33:44,059 - Epoch: 41000	MRR: 0.090	Hits@10: 0.147	Hits@5: 0.122	Hits@1: 0.052
2020-11-19 17:45:11,160 - Epoch: 42000	MRR: 0.092	Hits@10: 0.151	Hits@5: 0.123	Hits@1: 0.053
2020-11-19 17:56:39,807 - Epoch: 43000	MRR: 0.089	Hits@10: 0.153	Hits@5: 0.122	Hits@1: 0.049
2020-11-19 18:08:11,249 - Epoch: 44000	MRR: 0.086	Hits@10: 0.149	Hits@5: 0.121	Hits@1: 0.044
2020-11-19 18:19:37,559 - Epoch: 45000	MRR: 0.091	Hits@10: 0.154	Hits@5: 0.125	Hits@1: 0.050
2020-11-19 18:31:06,185 - Epoch: 46000	MRR: 0.089	Hits@10: 0.151	Hits@5: 0.119	Hits@1: 0.050
2020-11-19 18:42:31,764 - Epoch: 47000	MRR: 0.090	Hits@10: 0.154	Hits@5: 0.128	Hits@1: 0.050
2020-11-19 18:53:58,795 - Epoch: 48000	MRR: 0.089	Hits@10: 0.151	Hits@5: 0.121	Hits@1: 0.050
2020-11-19 19:05:27,754 - Epoch: 49000	MRR: 0.085	Hits@10: 0.140	Hits@5: 0.113	Hits@1: 0.047
2020-11-19 19:16:54,010 - Epoch: 50000	MRR: 0.084	Hits@10: 0.140	Hits@5: 0.110	Hits@1: 0.047
2020-11-19 19:28:22,233 - Epoch: 51000	MRR: 0.084	Hits@10: 0.145	Hits@5: 0.120	Hits@1: 0.043
2020-11-19 19:39:51,918 - Epoch: 52000	MRR: 0.081	Hits@10: 0.136	Hits@5: 0.112	Hits@1: 0.042
2020-11-19 19:51:19,527 - Epoch: 53000	MRR: 0.091	Hits@10: 0.150	Hits@5: 0.125	Hits@1: 0.051
2020-11-19 20:02:45,284 - Epoch: 54000	MRR: 0.088	Hits@10: 0.153	Hits@5: 0.117	Hits@1: 0.049
2020-11-19 20:14:16,073 - Epoch: 55000	MRR: 0.085	Hits@10: 0.147	Hits@5: 0.114	Hits@1: 0.047
2020-11-19 20:25:44,808 - Epoch: 56000	MRR: 0.082	Hits@10: 0.144	Hits@5: 0.111	Hits@1: 0.044
2020-11-19 20:37:09,934 - Epoch: 57000	MRR: 0.087	Hits@10: 0.153	Hits@5: 0.117	Hits@1: 0.046
2020-11-19 20:48:37,090 - Epoch: 58000	MRR: 0.089	Hits@10: 0.152	Hits@5: 0.124	Hits@1: 0.048
2020-11-19 21:00:04,922 - Epoch: 59000	MRR: 0.087	Hits@10: 0.155	Hits@5: 0.118	Hits@1: 0.045
2020-11-19 21:11:28,316 - Epoch: 60000	MRR: 0.087	Hits@10: 0.157	Hits@5: 0.121	Hits@1: 0.046
2020-11-19 21:11:28,386 - Reload state_dict from state/TransR3000_30shot/state_dict
2020-11-19 21:11:29,147 - Epoch: None	MRR: 0.295	Hits@10: 0.437	Hits@5: 0.376	Hits@1: 0.196
2020-11-24 16:40:57,930 - Reload state_dict from state/TransR3000_30shot/state_dict
2020-11-24 16:41:00,651 - Eval state/TransR3000_30shot/state_dict on test set
2020-11-24 16:41:00,651 - MRR: 0.295	Hits@10: 0.437	Hits@5: 0.376	Hits@1: 0.196
2020-11-24 19:31:00,900 - Reload state_dict from state/TransR3000_30shot/state_dict
2020-11-24 19:31:03,681 - Eval state/TransR3000_30shot/state_dict on test set
2020-11-24 19:31:03,681 - MRR: 0.295	Hits@10: 0.437	Hits@5: 0.376	Hits@1: 0.196
2021-09-26 02:12:37,025 - Reload state_dict from state/TransR3000_30shot/state_dict
2021-09-27 06:59:23,817 - Reload state_dict from state/TransR3000_30shot/state_dict
2021-09-27 07:35:34,249 - Reload state_dict from state/TransR3000_30shot/state_dict
2021-09-27 08:32:03,392 - Reload state_dict from state/TransR3000_30shot/state_dict
2021-09-27 08:32:05,000 - Eval state/TransR3000_30shot/state_dict on test set
2021-09-27 08:32:05,000 - MRR: 0.295	Hits@10: 0.437	Hits@5: 0.376	Hits@1: 0.196
